SF:lib/feature/al_quran/domain/repository/quran_repository.dart
DA:14,0
DA:17,0
DA:19,0
DA:20,0
DA:21,0
DA:24,0
DA:29,0
DA:31,0
DA:33,0
DA:36,0
DA:40,0
DA:41,0
DA:42,0
LF:13
LH:0
end_of_record
SF:lib/feature/al_quran/logic/alquran_cubit.dart
DA:11,2
DA:15,1
DA:16,3
DA:18,3
DA:19,3
DA:23,0
DA:24,0
DA:31,0
DA:32,0
DA:34,0
DA:35,0
DA:39,0
DA:40,0
LF:13
LH:5
end_of_record
SF:lib/feature/al_quran/logic/alquran_state.dart
DA:3,3
DA:11,0
DA:12,0
DA:13,0
DA:14,0
DA:18,4
DA:30,1
DA:36,1
DA:37,0
DA:38,1
DA:39,1
DA:40,1
DA:44,1
DA:45,1
DA:46,1
DA:47,1
DA:48,1
DA:49,1
LF:18
LH:13
end_of_record
SF:lib/feature/al_quran/domain/model/quran_item.dart
DA:4,1
DA:16,0
DA:18,0
DA:22,0
DA:25,0
DA:29,0
DA:34,0
DA:39,0
DA:45,3
DA:47,2
DA:48,1
DA:49,1
DA:50,1
DA:51,1
DA:52,4
DA:57,1
DA:73,0
DA:74,0
DA:76,2
DA:77,1
DA:78,1
DA:79,1
DA:80,2
DA:81,2
DA:82,2
DA:87,1
DA:99,0
DA:100,0
DA:102,2
DA:103,1
DA:104,1
DA:105,2
DA:106,2
DA:111,1
DA:119,0
DA:120,0
DA:122,2
DA:123,1
DA:124,1
DA:129,1
DA:139,0
DA:140,0
DA:142,2
DA:143,4
DA:144,4
DA:145,4
DA:149,2
DA:151,3
DA:152,1
DA:160,0
DA:162,0
DA:164,0
DA:170,2
DA:173,0
DA:175,0
DA:177,0
DA:185,3
DA:186,1
DA:193,2
DA:196,0
DA:198,0
DA:200,0
DA:208,3
DA:209,1
DA:217,1
DA:223,0
DA:225,2
DA:226,1
DA:234,1
DA:236,0
DA:237,0
DA:238,0
LF:72
LH:44
end_of_record
SF:lib/feature/al_quran/domain/model/surah_item.dart
DA:4,0
DA:16,0
DA:18,0
DA:19,0
DA:20,0
DA:21,0
DA:22,0
DA:27,0
DA:47,0
DA:48,0
DA:50,0
DA:51,0
DA:52,0
DA:53,0
DA:54,0
DA:55,0
DA:56,0
DA:57,0
DA:58,0
DA:63,0
DA:75,0
DA:77,0
DA:78,0
DA:79,0
DA:80,0
DA:81,0
DA:86,0
DA:94,0
DA:95,0
DA:97,0
DA:98,0
DA:99,0
DA:104,0
DA:114,0
DA:115,0
DA:117,0
DA:118,0
DA:119,0
DA:120,0
DA:125,0
DA:131,0
DA:132,0
DA:134,0
DA:135,0
DA:140,0
DA:156,0
DA:158,0
DA:159,0
DA:160,0
DA:161,0
DA:162,0
DA:163,0
DA:164,0
DA:169,0
DA:177,0
DA:179,0
DA:180,0
DA:181,0
DA:186,0
DA:202,0
DA:204,0
DA:205,0
DA:206,0
DA:207,0
DA:208,0
DA:209,0
DA:210,0
DA:215,0
DA:223,0
DA:225,0
DA:226,0
DA:227,0
DA:232,0
DA:240,0
DA:242,0
DA:243,0
DA:244,0
DA:249,0
DA:255,0
DA:256,0
DA:258,0
DA:259,0
DA:264,0
DA:272,0
DA:274,0
DA:275,0
DA:276,0
DA:281,0
DA:289,0
DA:291,0
DA:292,0
DA:293,0
DA:298,0
DA:304,0
DA:305,0
DA:307,0
DA:308,0
LF:97
LH:0
end_of_record
SF:lib/common/endpoint/app_endpoint.dart
DA:7,1
DA:12,0
DA:13,0
DA:14,0
DA:19,1
DA:20,1
DA:21,1
DA:26,0
DA:27,0
DA:28,0
DA:29,0
DA:33,0
DA:34,0
DA:35,0
DA:36,0
DA:40,0
DA:41,0
DA:42,0
DA:43,0
DA:47,1
DA:48,1
LF:21
LH:6
end_of_record
SF:lib/common/endpoint/uri_helper.dart
DA:2,1
DA:7,1
LF:2
LH:2
end_of_record
SF:lib/common/exception/exception.dart
DA:7,0
DA:14,0
DA:17,0
DA:21,0
DA:24,0
DA:28,0
DA:31,0
DA:35,0
DA:38,0
DA:42,0
DA:45,0
DA:49,0
DA:52,0
DA:56,0
DA:59,0
DA:63,0
DA:66,0
DA:70,0
DA:73,0
DA:77,0
DA:80,0
DA:84,0
DA:87,0
DA:91,0
DA:94,0
DA:98,0
DA:101,0
DA:104,2
DA:121,0
DA:123,0
DA:126,0
DA:129,0
DA:132,0
DA:135,0
DA:138,0
DA:141,0
DA:144,0
DA:147,0
DA:150,0
DA:153,0
DA:156,0
DA:159,0
DA:166,0
DA:181,0
DA:182,0
DA:183,0
DA:184,0
DA:185,0
DA:186,0
DA:187,0
DA:188,0
DA:189,0
DA:190,0
DA:191,0
DA:192,0
DA:193,0
DA:194,0
DA:195,0
DA:196,0
DA:197,0
DA:198,0
DA:199,0
DA:200,0
DA:201,0
DA:202,0
DA:203,0
DA:204,0
DA:205,0
DA:206,0
DA:207,0
LF:70
LH:1
end_of_record
SF:lib/common/exception/exception_handling.dart
DA:6,0
DA:8,0
DA:10,0
DA:12,0
DA:14,0
DA:16,0
DA:18,0
DA:20,0
DA:22,0
DA:24,0
DA:26,0
DA:33,0
DA:35,0
DA:36,0
DA:37,0
DA:38,0
DA:39,0
DA:40,0
DA:41,0
DA:42,0
DA:43,0
DA:44,0
DA:45,0
DA:46,0
DA:47,0
DA:48,0
DA:49,0
DA:50,0
DA:51,0
DA:52,0
DA:53,0
DA:54,0
DA:56,0
DA:61,1
DA:65,2
DA:69,0
DA:70,0
DA:71,0
DA:72,0
DA:73,0
DA:74,0
DA:78,0
DA:80,0
DA:83,0
DA:84,0
LF:45
LH:2
end_of_record
SF:lib/common/misc/injection.dart
DA:6,3
DA:7,0
DA:8,3
LF:3
LH:2
end_of_record
SF:lib/common/network/header_provider.dart
DA:10,0
DA:15,0
DA:17,0
DA:18,0
DA:19,0
DA:24,0
DA:28,0
DA:29,0
DA:30,0
LF:9
LH:0
end_of_record
SF:lib/common/network/http_client.dart
DA:13,1
DA:16,0
DA:19,0
DA:22,0
DA:27,1
DA:29,3
DA:32,0
DA:37,0
DA:40,0
DA:43,0
DA:48,0
DA:51,0
DA:54,0
DA:58,1
DA:59,1
DA:60,1
LF:16
LH:6
end_of_record
SF:lib/common/network/auth_credential_storage_service.dart
DA:7,0
DA:26,0
DA:29,0
DA:30,0
DA:31,0
DA:33,0
DA:35,0
DA:41,0
DA:43,0
DA:44,0
DA:45,0
DA:46,0
DA:48,0
DA:53,0
DA:55,0
DA:56,0
DA:58,0
DA:64,0
DA:65,0
LF:19
LH:0
end_of_record
SF:lib/common/network/sn_token_provider.dart
DA:10,0
DA:13,0
DA:14,0
DA:15,0
DA:20,0
DA:21,0
DA:22,0
LF:7
LH:0
end_of_record
SF:lib/feature/al_quran/domain/service/quran_service.dart
DA:19,1
DA:22,1
DA:24,2
DA:25,3
DA:29,1
DA:33,2
DA:34,0
DA:40,0
DA:42,0
DA:43,0
DA:47,0
DA:51,0
DA:52,0
DA:57,1
DA:58,1
DA:59,1
DA:60,1
LF:17
LH:10
end_of_record
